<?xml version="1.0" encoding="UTF-8"?>
<Site BuildName="Darwin-aarch64-apple-darwin21-g++-11"
	BuildStamp="20220826-1203-Experimental"
	Name="HyunJunMBP.local"
	Generator="ctest-3.24.0"
	CompilerName="/opt/homebrew/bin/aarch64-apple-darwin21-g++-11"
	CompilerVersion="11.3.0"
	OSName="macOS"
	Hostname="HyunJunMBP.local"
	OSRelease="12.5"
	OSVersion="21G72"
	OSPlatform="arm64"
	Is64Bits="1"
	VendorString="IBM"
	VendorID="IBM"
	FamilyID="16777228"
	ModelID="2"
	ProcessorCacheSize="131072"
	NumberOfLogicalCPU="10"
	NumberOfPhysicalCPU="10"
	TotalVirtualMemory="0"
	TotalPhysicalMemory="32768"
	LogicalProcessorsPerPhysical="10"
	ProcessorClockFrequency="0"
	>
	<Testing>
		<StartDateTime>Aug 26 21:03 KST</StartDateTime>
		<StartTestTime>1661515431</StartTestTime>
		<TestList/>
		<EndDateTime>Aug 26 21:03 KST</EndDateTime>
		<EndTestTime>1661515431</EndTestTime>
		<ElapsedMinutes>0</ElapsedMinutes>
	</Testing>
</Site>
